<?xml version="1.0" encoding="UTF-8"?>
<!-- Generated by org.testng.reporters.JUnitReportReporter -->
<testsuite skipped="0" hostname="DESKTOP-R1R1INE" name="com.progressive.testClasses.NewCarInformationFour" tests="10" failures="0" timestamp="2021-01-24T14:01:22 EST" time="37.444" errors="0">
  <testcase name="modelyear" time="4.277" classname="com.progressive.testClasses.NewCarInformationFour"/>
  <system-out/>
  <testcase name="carname" time="4.222" classname="com.progressive.testClasses.NewCarInformationFour"/>
  <system-out/>
  <testcase name="carmodel" time="4.300" classname="com.progressive.testClasses.NewCarInformationFour"/>
  <system-out/>
  <testcase name="bodyType" time="4.279" classname="com.progressive.testClasses.NewCarInformationFour"/>
  <system-out/>
  <testcase name="primaryUse" time="4.222" classname="com.progressive.testClasses.NewCarInformationFour"/>
  <system-out/>
  <testcase name="lease" time="4.249" classname="com.progressive.testClasses.NewCarInformationFour"/>
  <system-out/>
  <testcase name="carAge" time="4.237" classname="com.progressive.testClasses.NewCarInformationFour"/>
  <system-out/>
  <testcase name="checkbox" time="0.288" classname="com.progressive.testClasses.NewCarInformationFour"/>
  <system-out/>
  <testcase name="doneButton" time="3.195" classname="com.progressive.testClasses.NewCarInformationFour"/>
  <system-out/>
  <testcase name="contiButton" time="4.175" classname="com.progressive.testClasses.NewCarInformationFour"/>
  <system-out/>
</testsuite> <!-- com.progressive.testClasses.NewCarInformationFour -->
