<?xml version="1.0" encoding="UTF-8"?>
<!-- Generated by org.testng.reporters.JUnitReportReporter -->
<testsuite skipped="0" hostname="DESKTOP-R1R1INE" name="com.progressive.testClasses.QuestionPageFive" tests="13" failures="0" timestamp="2021-01-24T14:01:21 EST" time="41.819" errors="0">
  <testcase name="gender" time="3.178" classname="com.progressive.testClasses.QuestionPageFive"/>
  <system-out/>
  <testcase name="maritalStatus" time="4.237" classname="com.progressive.testClasses.QuestionPageFive"/>
  <system-out/>
  <testcase name="education" time="4.276" classname="com.progressive.testClasses.QuestionPageFive"/>
  <system-out/>
  <testcase name="empStatus" time="4.260" classname="com.progressive.testClasses.QuestionPageFive"/>
  <system-out/>
  <testcase name="socialSecurity" time="0.413" classname="com.progressive.testClasses.QuestionPageFive"/>
  <system-out/>
  <testcase name="pResidance" time="4.249" classname="com.progressive.testClasses.QuestionPageFive"/>
  <system-out/>
  <testcase name="lastMove" time="4.220" classname="com.progressive.testClasses.QuestionPageFive"/>
  <system-out/>
  <testcase name="licensestatus" time="4.077" classname="com.progressive.testClasses.QuestionPageFive"/>
  <system-out/>
  <testcase name="licenseAge" time="0.164" classname="com.progressive.testClasses.QuestionPageFive"/>
  <system-out/>
  <testcase name="licenseAnotherstateage" time="4.235" classname="com.progressive.testClasses.QuestionPageFive"/>
  <system-out/>
  <testcase name="accidentDamage" time="2.178" classname="com.progressive.testClasses.QuestionPageFive"/>
  <system-out/>
  <testcase name="violation" time="2.177" classname="com.progressive.testClasses.QuestionPageFive"/>
  <system-out/>
  <testcase name="ContiButton" time="4.155" classname="com.progressive.testClasses.QuestionPageFive"/>
  <system-out/>
</testsuite> <!-- com.progressive.testClasses.QuestionPageFive -->
