<?xml version="1.0" encoding="UTF-8"?>
<!-- Generated by org.testng.reporters.JUnitReportReporter -->
<testsuite skipped="0" hostname="DESKTOP-R1R1INE" name="com.progressive.testClasses.PolicyDetailNine" tests="8" failures="0" timestamp="2021-01-24T14:01:21 EST" time="32.906" errors="0">
  <testcase name="phone" time="8.276" classname="com.progressive.testClasses.PolicyDetailNine"/>
  <system-out/>
  <testcase name="licenseno" time="3.270" classname="com.progressive.testClasses.PolicyDetailNine"/>
  <system-out/>
  <testcase name="spouselicenseno" time="3.258" classname="com.progressive.testClasses.PolicyDetailNine"/>
  <system-out/>
  <testcase name="vinnumber" time="3.292" classname="com.progressive.testClasses.PolicyDetailNine"/>
  <system-out/>
  <testcase name="companyname" time="4.312" classname="com.progressive.testClasses.PolicyDetailNine"/>
  <system-out/>
  <testcase name="policynumber" time="3.234" classname="com.progressive.testClasses.PolicyDetailNine"/>
  <system-out/>
  <testcase name="recievedocuments" time="4.076" classname="com.progressive.testClasses.PolicyDetailNine"/>
  <system-out/>
  <testcase name="continuebuttonsss" time="3.188" classname="com.progressive.testClasses.PolicyDetailNine"/>
  <system-out/>
</testsuite> <!-- com.progressive.testClasses.PolicyDetailNine -->
