<?xml version="1.0" encoding="UTF-8"?>
<!-- Generated by org.testng.reporters.JUnitReportReporter -->
<testsuite skipped="0" hostname="DESKTOP-R1R1INE" name="com.progressive.testClasses.SpouseInformationSix" tests="11" failures="0" timestamp="2021-01-24T14:01:22 EST" time="32.908" errors="0">
  <testcase name="spousefirstname" time="7.176" classname="com.progressive.testClasses.SpouseInformationSix"/>
  <system-out/>
  <testcase name="spousegender" time="0.170" classname="com.progressive.testClasses.SpouseInformationSix"/>
  <system-out/>
  <testcase name="spousedateofbirth" time="0.172" classname="com.progressive.testClasses.SpouseInformationSix"/>
  <system-out/>
  <testcase name="spouseedulevel" time="4.306" classname="com.progressive.testClasses.SpouseInformationSix"/>
  <system-out/>
  <testcase name="spouseempstatus" time="4.251" classname="com.progressive.testClasses.SpouseInformationSix"/>
  <system-out/>
  <testcase name="spouselicensestatus" time="4.074" classname="com.progressive.testClasses.SpouseInformationSix"/>
  <system-out/>
  <testcase name="spouselicenseAge" time="0.168" classname="com.progressive.testClasses.SpouseInformationSix"/>
  <system-out/>
  <testcase name="spouselicenseAnotherstateage" time="4.075" classname="com.progressive.testClasses.SpouseInformationSix"/>
  <system-out/>
  <testcase name="spouseaccidentDamage" time="2.177" classname="com.progressive.testClasses.SpouseInformationSix"/>
  <system-out/>
  <testcase name="spouseviolation" time="2.180" classname="com.progressive.testClasses.SpouseInformationSix"/>
  <system-out/>
  <testcase name="spouseContiButton" time="4.159" classname="com.progressive.testClasses.SpouseInformationSix"/>
  <system-out/>
</testsuite> <!-- com.progressive.testClasses.SpouseInformationSix -->
