<?xml version="1.0" encoding="UTF-8"?>
<!-- Generated by org.testng.reporters.JUnitReportReporter -->
<testsuite skipped="0" hostname="DESKTOP-R1R1INE" name="com.progressive.testClasses.SecondcontinuepageSeven" tests="4" failures="0" timestamp="2021-01-24T14:01:21 EST" time="20.595" errors="0">
  <testcase name="clickingcontinuebutton" time="5.152" classname="com.progressive.testClasses.SecondcontinuepageSeven"/>
  <system-out/>
  <testcase name="checkinformation" time="5.154" classname="com.progressive.testClasses.SecondcontinuepageSeven"/>
  <system-out/>
  <testcase name="confirm" time="5.135" classname="com.progressive.testClasses.SecondcontinuepageSeven"/>
  <system-out/>
  <testcase name="confirmproperly" time="5.154" classname="com.progressive.testClasses.SecondcontinuepageSeven"/>
  <system-out/>
</testsuite> <!-- com.progressive.testClasses.SecondcontinuepageSeven -->
