<?xml version="1.0" encoding="UTF-8"?>
<!-- Generated by org.testng.reporters.JUnitReportReporter -->
<testsuite skipped="0" hostname="DESKTOP-R1R1INE" name="com.progressive.testClasses.FinalDetailsEight" tests="11" failures="0" timestamp="2021-01-24T14:01:21 EST" time="37.255" errors="0">
  <testcase name="insurancequ" time="4.147" classname="com.progressive.testClasses.FinalDetailsEight"/>
  <system-out/>
  <testcase name="timewithcompany" time="4.235" classname="com.progressive.testClasses.FinalDetailsEight"/>
  <system-out/>
  <testcase name="injurylimit" time="4.207" classname="com.progressive.testClasses.FinalDetailsEight"/>
  <system-out/>
  <testcase name="nonautoinsurance" time="0.351" classname="com.progressive.testClasses.FinalDetailsEight"/>
  <system-out/>
  <testcase name="autoinsurance" time="0.164" classname="com.progressive.testClasses.FinalDetailsEight"/>
  <system-out/>
  <testcase name="insuranceStart" time="3.248" classname="com.progressive.testClasses.FinalDetailsEight"/>
  <system-out/>
  <testcase name="email" time="3.253" classname="com.progressive.testClasses.FinalDetailsEight"/>
  <system-out/>
  <testcase name="umbrellapolicy" time="3.091" classname="com.progressive.testClasses.FinalDetailsEight"/>
  <system-out/>
  <testcase name="continueb" time="3.127" classname="com.progressive.testClasses.FinalDetailsEight"/>
  <system-out/>
  <testcase name="nothanks" time="5.151" classname="com.progressive.testClasses.FinalDetailsEight"/>
  <system-out/>
  <testcase name="finishbuy" time="6.281" classname="com.progressive.testClasses.FinalDetailsEight"/>
  <system-out/>
</testsuite> <!-- com.progressive.testClasses.FinalDetailsEight -->
