<?xml version="1.0" encoding="UTF-8"?>
<!-- Generated by org.testng.reporters.JUnitReportReporter -->
<testsuite skipped="0" hostname="DESKTOP-R1R1INE" name="com.progressive.testClasses.GettingQuotePageTwo" tests="2" failures="0" timestamp="2021-01-24T14:01:22 EST" time="3.639" errors="0">
  <testcase name="firstQuote" time="0.088" classname="com.progressive.testClasses.GettingQuotePageTwo"/>
  <system-out/>
  <testcase name="getquote" time="3.551" classname="com.progressive.testClasses.GettingQuotePageTwo"/>
  <system-out/>
</testsuite> <!-- com.progressive.testClasses.GettingQuotePageTwo -->
