<?xml version="1.0" encoding="UTF-8"?>
<!-- Generated by org.testng.reporters.JUnitReportReporter -->
<testsuite skipped="0" hostname="DESKTOP-R1R1INE" name="com.progressive.testClasses.GettingQuotePageTwo" tests="2" failures="0" timestamp="2021-01-24T18:28:45 EST" time="4.822" errors="0">
  <testcase name="firstQuote" time="0.120" classname="com.progressive.testClasses.GettingQuotePageTwo"/>
  <system-out/>
  <testcase name="getquote" time="4.702" classname="com.progressive.testClasses.GettingQuotePageTwo"/>
  <system-out/>
</testsuite> <!-- com.progressive.testClasses.GettingQuotePageTwo -->
