<?xml version="1.0" encoding="UTF-8"?>
<!-- Generated by org.testng.reporters.JUnitReportReporter -->
<testsuite skipped="0" hostname="DESKTOP-R1R1INE" name="com.progressive.testClasses.InformationFormThree" tests="9" failures="0" timestamp="2021-01-24T18:28:45 EST" time="13.492" errors="0">
  <testcase name="firstName" time="7.278" classname="com.progressive.testClasses.InformationFormThree"/>
  <system-out/>
  <testcase name="lastName" time="0.215" classname="com.progressive.testClasses.InformationFormThree"/>
  <system-out/>
  <testcase name="dateOfBirth" time="0.310" classname="com.progressive.testClasses.InformationFormThree"/>
  <system-out/>
  <testcase name="mailingAddress" time="4.433" classname="com.progressive.testClasses.InformationFormThree"/>
  <system-out/>
  <testcase name="apartUnit" time="0.249" classname="com.progressive.testClasses.InformationFormThree"/>
  <system-out/>
  <testcase name="mailingcity" time="0.286" classname="com.progressive.testClasses.InformationFormThree"/>
  <system-out/>
  <testcase name="mailingzipcode" time="0.261" classname="com.progressive.testClasses.InformationFormThree"/>
  <system-out/>
  <testcase name="checkBox" time="0.228" classname="com.progressive.testClasses.InformationFormThree"/>
  <system-out/>
  <testcase name="getFinalQuote" time="0.232" classname="com.progressive.testClasses.InformationFormThree"/>
  <system-out/>
</testsuite> <!-- com.progressive.testClasses.InformationFormThree -->
