<?xml version="1.0" encoding="UTF-8"?>
<!-- Generated by org.testng.reporters.JUnitReportReporter -->
<testsuite skipped="0" hostname="DESKTOP-R1R1INE" name="com.progressive.testClasses.HomePageOne" tests="1" failures="0" timestamp="2021-01-24T18:28:45 EST" time="3.754" errors="0">
  <testcase name="firstTestAuto" time="3.754" classname="com.progressive.testClasses.HomePageOne"/>
  <system-out/>
</testsuite> <!-- com.progressive.testClasses.HomePageOne -->
